<?xml version="1.0" encoding="UTF-8"?>
<coverage generated="1673286742341" clover="3.2.0">
  <project timestamp="1673286742341" name="All files">
    <metrics statements="103" coveredstatements="103" conditionals="66" coveredconditionals="64" methods="23" coveredmethods="23" elements="192" coveredelements="190" complexity="0" loc="103" ncloc="103" packages="2" files="10" classes="10"/>
    <package name="src">
      <metrics statements="48" coveredstatements="48" conditionals="50" coveredconditionals="50" methods="11" coveredmethods="11"/>
      <file name="dataToHtml.ts" path="/Users/janhenrikhempel/SvF/events-api/packages/data-text-mapper/src/dataToHtml.ts">
        <metrics statements="16" coveredstatements="16" conditionals="19" coveredconditionals="19" methods="5" coveredmethods="5"/>
        <line num="1" count="2" type="stmt"/>
        <line num="2" count="2" type="stmt"/>
        <line num="5" count="2" type="stmt"/>
        <line num="6" count="9" type="stmt"/>
        <line num="7" count="9" type="cond" truecount="1" falsecount="0"/>
        <line num="8" count="7" type="stmt"/>
        <line num="11" count="9" type="cond" truecount="2" falsecount="0"/>
        <line num="16" count="9" type="cond" truecount="6" falsecount="0"/>
        <line num="17" count="14" type="stmt"/>
        <line num="21" count="9" type="cond" truecount="6" falsecount="0"/>
        <line num="22" count="14" type="stmt"/>
        <line num="26" count="9" type="cond" truecount="4" falsecount="0"/>
        <line num="28" count="14" type="stmt"/>
        <line num="32" count="9" type="stmt"/>
        <line num="33" count="27" type="stmt"/>
        <line num="37" count="2" type="stmt"/>
      </file>
      <file name="dataToText.ts" path="/Users/janhenrikhempel/SvF/events-api/packages/data-text-mapper/src/dataToText.ts">
        <metrics statements="9" coveredstatements="9" conditionals="18" coveredconditionals="18" methods="4" coveredmethods="4"/>
        <line num="1" count="2" type="stmt"/>
        <line num="4" count="2" type="stmt"/>
        <line num="5" count="7" type="stmt"/>
        <line num="7" count="7" type="cond" truecount="2" falsecount="0"/>
        <line num="10" count="13" type="cond" truecount="6" falsecount="0"/>
        <line num="13" count="13" type="cond" truecount="6" falsecount="0"/>
        <line num="16" count="7" type="cond" truecount="4" falsecount="0"/>
        <line num="18" count="21" type="stmt"/>
        <line num="21" count="2" type="stmt"/>
      </file>
      <file name="htmlToData.ts" path="/Users/janhenrikhempel/SvF/events-api/packages/data-text-mapper/src/htmlToData.ts">
        <metrics statements="14" coveredstatements="14" conditionals="7" coveredconditionals="7" methods="1" coveredmethods="1"/>
        <line num="1" count="2" type="stmt"/>
        <line num="2" count="2" type="stmt"/>
        <line num="3" count="2" type="stmt"/>
        <line num="4" count="2" type="stmt"/>
        <line num="7" count="2" type="stmt"/>
        <line num="8" count="11" type="stmt"/>
        <line num="11" count="11" type="stmt"/>
        <line num="17" count="11" type="stmt"/>
        <line num="23" count="11" type="cond" truecount="1" falsecount="0"/>
        <line num="24" count="6" type="stmt"/>
        <line num="29" count="11" type="stmt"/>
        <line num="31" count="11" type="stmt"/>
        <line num="38" count="11" type="stmt"/>
        <line num="41" count="2" type="stmt"/>
      </file>
      <file name="textToData.ts" path="/Users/janhenrikhempel/SvF/events-api/packages/data-text-mapper/src/textToData.ts">
        <metrics statements="9" coveredstatements="9" conditionals="6" coveredconditionals="6" methods="1" coveredmethods="1"/>
        <line num="1" count="2" type="stmt"/>
        <line num="2" count="2" type="stmt"/>
        <line num="3" count="2" type="stmt"/>
        <line num="4" count="2" type="stmt"/>
        <line num="7" count="2" type="stmt"/>
        <line num="8" count="8" type="stmt"/>
        <line num="11" count="8" type="stmt"/>
        <line num="18" count="8" type="stmt"/>
        <line num="21" count="2" type="stmt"/>
      </file>
    </package>
    <package name="src.helpers">
      <metrics statements="55" coveredstatements="55" conditionals="16" coveredconditionals="14" methods="12" coveredmethods="12"/>
      <file name="cleanSpaces.ts" path="/Users/janhenrikhempel/SvF/events-api/packages/data-text-mapper/src/helpers/cleanSpaces.ts">
        <metrics statements="9" coveredstatements="9" conditionals="0" coveredconditionals="0" methods="1" coveredmethods="1"/>
        <line num="1" count="5" type="stmt"/>
        <line num="2" count="43" type="stmt"/>
        <line num="3" count="43" type="stmt"/>
        <line num="4" count="43" type="stmt"/>
        <line num="5" count="43" type="stmt"/>
        <line num="6" count="43" type="stmt"/>
        <line num="7" count="43" type="stmt"/>
        <line num="8" count="43" type="stmt"/>
        <line num="11" count="5" type="stmt"/>
      </file>
      <file name="containsHtml.ts" path="/Users/janhenrikhempel/SvF/events-api/packages/data-text-mapper/src/helpers/containsHtml.ts">
        <metrics statements="5" coveredstatements="5" conditionals="2" coveredconditionals="2" methods="1" coveredmethods="1"/>
        <line num="1" count="3" type="stmt"/>
        <line num="2" count="12" type="stmt"/>
        <line num="3" count="12" type="stmt"/>
        <line num="4" count="12" type="cond" truecount="2" falsecount="0"/>
        <line num="7" count="3" type="stmt"/>
      </file>
      <file name="prefixedStringsFromText.ts" path="/Users/janhenrikhempel/SvF/events-api/packages/data-text-mapper/src/helpers/prefixedStringsFromText.ts">
        <metrics statements="17" coveredstatements="17" conditionals="7" coveredconditionals="6" methods="4" coveredmethods="4"/>
        <line num="1" count="7" type="stmt"/>
        <line num="3" count="122" type="stmt"/>
        <line num="4" count="122" type="stmt"/>
        <line num="7" count="7" type="stmt"/>
        <line num="11" count="103" type="stmt"/>
        <line num="12" count="103" type="stmt"/>
        <line num="14" count="103" type="cond" truecount="6" falsecount="1"/>
        <line num="15" count="80" type="stmt"/>
        <line num="16" count="119" type="stmt"/>
        <line num="19" count="23" type="stmt"/>
        <line num="22" count="7" type="stmt"/>
        <line num="26" count="19" type="stmt"/>
        <line num="27" count="19" type="stmt"/>
        <line num="28" count="19" type="stmt"/>
        <line num="32" count="7" type="stmt"/>
        <line num="33" count="7" type="stmt"/>
        <line num="34" count="7" type="stmt"/>
      </file>
      <file name="scopesFromText.ts" path="/Users/janhenrikhempel/SvF/events-api/packages/data-text-mapper/src/helpers/scopesFromText.ts">
        <metrics statements="7" coveredstatements="7" conditionals="0" coveredconditionals="0" methods="2" coveredmethods="2"/>
        <line num="1" count="5" type="stmt"/>
        <line num="6" count="5" type="stmt"/>
        <line num="8" count="5" type="stmt"/>
        <line num="9" count="40" type="stmt"/>
        <line num="12" count="5" type="stmt"/>
        <line num="13" count="9" type="stmt"/>
        <line num="16" count="5" type="stmt"/>
      </file>
      <file name="tagsFromText.ts" path="/Users/janhenrikhempel/SvF/events-api/packages/data-text-mapper/src/helpers/tagsFromText.ts">
        <metrics statements="6" coveredstatements="6" conditionals="0" coveredconditionals="0" methods="2" coveredmethods="2"/>
        <line num="1" count="5" type="stmt"/>
        <line num="6" count="5" type="stmt"/>
        <line num="7" count="40" type="stmt"/>
        <line num="10" count="5" type="stmt"/>
        <line num="11" count="9" type="stmt"/>
        <line num="14" count="5" type="stmt"/>
      </file>
      <file name="urlFromText.ts" path="/Users/janhenrikhempel/SvF/events-api/packages/data-text-mapper/src/helpers/urlFromText.ts">
        <metrics statements="11" coveredstatements="11" conditionals="7" coveredconditionals="6" methods="2" coveredmethods="2"/>
        <line num="1" count="5" type="stmt"/>
        <line num="3" count="5" type="stmt"/>
        <line num="5" count="5" type="stmt"/>
        <line num="6" count="27" type="stmt"/>
        <line num="7" count="27" type="cond" truecount="6" falsecount="1"/>
        <line num="8" count="13" type="stmt"/>
        <line num="11" count="5" type="stmt"/>
        <line num="12" count="9" type="stmt"/>
        <line num="13" count="9" type="stmt"/>
        <line num="14" count="9" type="stmt"/>
        <line num="17" count="5" type="stmt"/>
      </file>
    </package>
  </project>
</coverage>
