{"/Users/janhenrikhempel/SvF/events-api/packages/data-text-mapper/src/dataToHtml.ts": {"path":"/Users/janhenrikhempel/SvF/events-api/packages/data-text-mapper/src/dataToHtml.ts","statementMap":{"0":{"start":{"line":1,"column":0},"end":{"line":1,"column":52}},"1":{"start":{"line":2,"column":0},"end":{"line":2,"column":54}},"2":{"start":{"line":5,"column":19},"end":{"line":35,"column":1}},"3":{"start":{"line":6,"column":32},"end":{"line":6,"column":61}},"4":{"start":{"line":7,"column":2},"end":{"line":9,"column":null}},"5":{"start":{"line":8,"column":4},"end":{"line":8,"column":70}},"6":{"start":{"line":11,"column":33},"end":{"line":13,"column":10}},"7":{"start":{"line":16,"column":4},"end":{"line":18,"column":24}},"8":{"start":{"line":17,"column":29},"end":{"line":17,"column":63}},"9":{"start":{"line":21,"column":4},"end":{"line":23,"column":24}},"10":{"start":{"line":22,"column":31},"end":{"line":22,"column":69}},"11":{"start":{"line":26,"column":4},"end":{"line":30,"column":12}},"12":{"start":{"line":28,"column":40},"end":{"line":28,"column":53}},"13":{"start":{"line":32,"column":2},"end":{"line":34,"column":16}},"14":{"start":{"line":33,"column":22},"end":{"line":33,"column":35}},"15":{"start":{"line":37,"column":9},"end":{"line":37,"column":19}}},"fnMap":{"0":{"name":"(anonymous_0)","decl":{"start":{"line":5,"column":19},"end":{"line":5,"column":20}},"loc":{"start":{"line":5,"column":50},"end":{"line":35,"column":1}}},"1":{"name":"(anonymous_1)","decl":{"start":{"line":17,"column":12},"end":{"line":17,"column":13}},"loc":{"start":{"line":17,"column":29},"end":{"line":17,"column":63}}},"2":{"name":"(anonymous_2)","decl":{"start":{"line":22,"column":12},"end":{"line":22,"column":13}},"loc":{"start":{"line":22,"column":31},"end":{"line":22,"column":69}}},"3":{"name":"(anonymous_3)","decl":{"start":{"line":28,"column":30},"end":{"line":28,"column":31}},"loc":{"start":{"line":28,"column":40},"end":{"line":28,"column":53}}},"4":{"name":"(anonymous_4)","decl":{"start":{"line":33,"column":12},"end":{"line":33,"column":13}},"loc":{"start":{"line":33,"column":22},"end":{"line":33,"column":35}}}},"branchMap":{"0":{"loc":{"start":{"line":7,"column":2},"end":{"line":9,"column":null}},"type":"if","locations":[{"start":{"line":7,"column":2},"end":{"line":9,"column":null}}]},"1":{"loc":{"start":{"line":11,"column":33},"end":{"line":13,"column":10}},"type":"cond-expr","locations":[{"start":{"line":12,"column":6},"end":{"line":12,"column":65}},{"start":{"line":13,"column":6},"end":{"line":13,"column":10}}]},"2":{"loc":{"start":{"line":16,"column":4},"end":{"line":18,"column":24}},"type":"binary-expr","locations":[{"start":{"line":16,"column":4},"end":{"line":18,"column":16}},{"start":{"line":18,"column":20},"end":{"line":18,"column":24}}]},"3":{"loc":{"start":{"line":16,"column":4},"end":{"line":18,"column":16}},"type":"cond-expr","locations":[{"start":{"line":16,"column":13},"end":{"line":16,"column":null}},{"start":{"line":16,"column":13},"end":{"line":18,"column":16}}]},"4":{"loc":{"start":{"line":16,"column":4},"end":{"line":16,"column":null}},"type":"binary-expr","locations":[{"start":{"line":16,"column":4},"end":{"line":16,"column":null}},{"start":{"line":16,"column":13},"end":{"line":16,"column":null}}]},"5":{"loc":{"start":{"line":21,"column":4},"end":{"line":23,"column":24}},"type":"binary-expr","locations":[{"start":{"line":21,"column":4},"end":{"line":23,"column":16}},{"start":{"line":23,"column":20},"end":{"line":23,"column":24}}]},"6":{"loc":{"start":{"line":21,"column":4},"end":{"line":23,"column":16}},"type":"cond-expr","locations":[{"start":{"line":21,"column":15},"end":{"line":21,"column":null}},{"start":{"line":21,"column":15},"end":{"line":23,"column":16}}]},"7":{"loc":{"start":{"line":21,"column":4},"end":{"line":21,"column":null}},"type":"binary-expr","locations":[{"start":{"line":21,"column":4},"end":{"line":21,"column":null}},{"start":{"line":21,"column":15},"end":{"line":21,"column":null}}]},"8":{"loc":{"start":{"line":26,"column":4},"end":{"line":30,"column":12}},"type":"cond-expr","locations":[{"start":{"line":27,"column":8},"end":{"line":29,"column":14}},{"start":{"line":30,"column":8},"end":{"line":30,"column":12}}]},"9":{"loc":{"start":{"line":26,"column":4},"end":{"line":26,"column":18}},"type":"binary-expr","locations":[{"start":{"line":26,"column":4},"end":{"line":26,"column":8}},{"start":{"line":26,"column":12},"end":{"line":26,"column":18}}]}},"s":{"0":2,"1":2,"2":2,"3":9,"4":9,"5":7,"6":9,"7":9,"8":14,"9":9,"10":14,"11":9,"12":14,"13":9,"14":27,"15":2},"f":{"0":9,"1":14,"2":14,"3":14,"4":27},"b":{"0":[7],"1":[4,5],"2":[9,3],"3":[3,6],"4":[9,9],"5":[9,3],"6":[3,6],"7":[9,9],"8":[7,2],"9":[9,3]}}
,"/Users/janhenrikhempel/SvF/events-api/packages/data-text-mapper/src/dataToText.ts": {"path":"/Users/janhenrikhempel/SvF/events-api/packages/data-text-mapper/src/dataToText.ts","statementMap":{"0":{"start":{"line":1,"column":0},"end":{"line":1,"column":52}},"1":{"start":{"line":4,"column":19},"end":{"line":19,"column":1}},"2":{"start":{"line":5,"column":21},"end":{"line":5,"column":50}},"3":{"start":{"line":7,"column":29},"end":{"line":7,"column":45}},"4":{"start":{"line":10,"column":4},"end":{"line":10,"column":64}},"5":{"start":{"line":10,"column":36},"end":{"line":10,"column":45}},"6":{"start":{"line":13,"column":4},"end":{"line":13,"column":70}},"7":{"start":{"line":13,"column":40},"end":{"line":13,"column":51}},"8":{"start":{"line":16,"column":4},"end":{"line":16,"column":68}},"9":{"start":{"line":18,"column":2},"end":{"line":18,"column":80}},"10":{"start":{"line":18,"column":52},"end":{"line":18,"column":65}},"11":{"start":{"line":21,"column":9},"end":{"line":21,"column":19}}},"fnMap":{"0":{"name":"(anonymous_0)","decl":{"start":{"line":4,"column":19},"end":{"line":4,"column":20}},"loc":{"start":{"line":4,"column":50},"end":{"line":19,"column":1}}},"1":{"name":"(anonymous_1)","decl":{"start":{"line":10,"column":19},"end":{"line":10,"column":20}},"loc":{"start":{"line":10,"column":36},"end":{"line":10,"column":45}}},"2":{"name":"(anonymous_2)","decl":{"start":{"line":13,"column":21},"end":{"line":13,"column":22}},"loc":{"start":{"line":13,"column":40},"end":{"line":13,"column":51}}},"3":{"name":"(anonymous_3)","decl":{"start":{"line":18,"column":42},"end":{"line":18,"column":43}},"loc":{"start":{"line":18,"column":52},"end":{"line":18,"column":65}}}},"branchMap":{"0":{"loc":{"start":{"line":7,"column":29},"end":{"line":7,"column":45}},"type":"binary-expr","locations":[{"start":{"line":7,"column":29},"end":{"line":7,"column":37}},{"start":{"line":7,"column":41},"end":{"line":7,"column":45}}]},"1":{"loc":{"start":{"line":10,"column":4},"end":{"line":10,"column":64}},"type":"binary-expr","locations":[{"start":{"line":10,"column":4},"end":{"line":10,"column":56}},{"start":{"line":10,"column":60},"end":{"line":10,"column":64}}]},"2":{"loc":{"start":{"line":10,"column":4},"end":{"line":10,"column":56}},"type":"cond-expr","locations":[{"start":{"line":10,"column":13},"end":{"line":10,"column":15}},{"start":{"line":10,"column":13},"end":{"line":10,"column":56}}]},"3":{"loc":{"start":{"line":10,"column":4},"end":{"line":10,"column":15}},"type":"binary-expr","locations":[{"start":{"line":10,"column":4},"end":{"line":10,"column":15}},{"start":{"line":10,"column":13},"end":{"line":10,"column":15}}]},"4":{"loc":{"start":{"line":13,"column":4},"end":{"line":13,"column":70}},"type":"binary-expr","locations":[{"start":{"line":13,"column":4},"end":{"line":13,"column":62}},{"start":{"line":13,"column":66},"end":{"line":13,"column":70}}]},"5":{"loc":{"start":{"line":13,"column":4},"end":{"line":13,"column":62}},"type":"cond-expr","locations":[{"start":{"line":13,"column":15},"end":{"line":13,"column":17}},{"start":{"line":13,"column":15},"end":{"line":13,"column":62}}]},"6":{"loc":{"start":{"line":13,"column":4},"end":{"line":13,"column":17}},"type":"binary-expr","locations":[{"start":{"line":13,"column":4},"end":{"line":13,"column":17}},{"start":{"line":13,"column":15},"end":{"line":13,"column":17}}]},"7":{"loc":{"start":{"line":16,"column":4},"end":{"line":16,"column":68}},"type":"cond-expr","locations":[{"start":{"line":16,"column":21},"end":{"line":16,"column":61}},{"start":{"line":16,"column":64},"end":{"line":16,"column":68}}]},"8":{"loc":{"start":{"line":16,"column":4},"end":{"line":16,"column":18}},"type":"binary-expr","locations":[{"start":{"line":16,"column":4},"end":{"line":16,"column":8}},{"start":{"line":16,"column":12},"end":{"line":16,"column":18}}]}},"s":{"0":2,"1":2,"2":7,"3":7,"4":7,"5":13,"6":7,"7":13,"8":7,"9":7,"10":21,"11":2},"f":{"0":7,"1":13,"2":13,"3":21},"b":{"0":[7,3],"1":[7,2],"2":[2,5],"3":[7,7],"4":[7,2],"5":[2,5],"6":[7,7],"7":[6,1],"8":[7,2]}}
,"/Users/janhenrikhempel/SvF/events-api/packages/data-text-mapper/src/htmlToData.ts": {"path":"/Users/janhenrikhempel/SvF/events-api/packages/data-text-mapper/src/htmlToData.ts","statementMap":{"0":{"start":{"line":1,"column":0},"end":{"line":1,"column":52}},"1":{"start":{"line":2,"column":0},"end":{"line":2,"column":80}},"2":{"start":{"line":3,"column":0},"end":{"line":3,"column":74}},"3":{"start":{"line":4,"column":0},"end":{"line":4,"column":71}},"4":{"start":{"line":7,"column":19},"end":{"line":39,"column":1}},"5":{"start":{"line":8,"column":28},"end":{"line":8,"column":32}},"6":{"start":{"line":11,"column":2},"end":{"line":14,"column":4}},"7":{"start":{"line":17,"column":2},"end":{"line":20,"column":4}},"8":{"start":{"line":23,"column":2},"end":{"line":26,"column":27}},"9":{"start":{"line":24,"column":4},"end":{"line":26,"column":27}},"10":{"start":{"line":29,"column":2},"end":{"line":29,"column":41}},"11":{"start":{"line":31,"column":37},"end":{"line":36,"column":4}},"12":{"start":{"line":38,"column":2},"end":{"line":38,"column":22}},"13":{"start":{"line":41,"column":9},"end":{"line":41,"column":19}}},"fnMap":{"0":{"name":"(anonymous_0)","decl":{"start":{"line":7,"column":19},"end":{"line":7,"column":20}},"loc":{"start":{"line":7,"column":57},"end":{"line":39,"column":1}}}},"branchMap":{"0":{"loc":{"start":{"line":23,"column":2},"end":{"line":26,"column":27}},"type":"if","locations":[{"start":{"line":23,"column":2},"end":{"line":26,"column":27}}]},"1":{"loc":{"start":{"line":33,"column":9},"end":{"line":33,"column":39}},"type":"binary-expr","locations":[{"start":{"line":33,"column":9},"end":{"line":33,"column":26}},{"start":{"line":33,"column":30},"end":{"line":33,"column":39}}]},"2":{"loc":{"start":{"line":34,"column":10},"end":{"line":34,"column":41}},"type":"binary-expr","locations":[{"start":{"line":34,"column":10},"end":{"line":34,"column":28}},{"start":{"line":34,"column":32},"end":{"line":34,"column":41}}]},"3":{"loc":{"start":{"line":35,"column":12},"end":{"line":35,"column":45}},"type":"binary-expr","locations":[{"start":{"line":35,"column":12},"end":{"line":35,"column":32}},{"start":{"line":35,"column":36},"end":{"line":35,"column":45}}]}},"s":{"0":2,"1":2,"2":2,"3":2,"4":2,"5":11,"6":11,"7":11,"8":11,"9":6,"10":11,"11":11,"12":11,"13":2},"f":{"0":11},"b":{"0":[6],"1":[11,8],"2":[11,6],"3":[11,6]}}
,"/Users/janhenrikhempel/SvF/events-api/packages/data-text-mapper/src/textToData.ts": {"path":"/Users/janhenrikhempel/SvF/events-api/packages/data-text-mapper/src/textToData.ts","statementMap":{"0":{"start":{"line":1,"column":0},"end":{"line":1,"column":52}},"1":{"start":{"line":2,"column":0},"end":{"line":2,"column":80}},"2":{"start":{"line":3,"column":0},"end":{"line":3,"column":74}},"3":{"start":{"line":4,"column":0},"end":{"line":4,"column":71}},"4":{"start":{"line":7,"column":19},"end":{"line":19,"column":1}},"5":{"start":{"line":8,"column":30},"end":{"line":9,"column":null}},"6":{"start":{"line":11,"column":37},"end":{"line":16,"column":4}},"7":{"start":{"line":18,"column":2},"end":{"line":18,"column":22}},"8":{"start":{"line":21,"column":9},"end":{"line":21,"column":19}}},"fnMap":{"0":{"name":"(anonymous_0)","decl":{"start":{"line":7,"column":19},"end":{"line":7,"column":20}},"loc":{"start":{"line":7,"column":57},"end":{"line":19,"column":1}}}},"branchMap":{"0":{"loc":{"start":{"line":13,"column":9},"end":{"line":13,"column":39}},"type":"binary-expr","locations":[{"start":{"line":13,"column":9},"end":{"line":13,"column":26}},{"start":{"line":13,"column":30},"end":{"line":13,"column":39}}]},"1":{"loc":{"start":{"line":14,"column":10},"end":{"line":14,"column":41}},"type":"binary-expr","locations":[{"start":{"line":14,"column":10},"end":{"line":14,"column":28}},{"start":{"line":14,"column":32},"end":{"line":14,"column":41}}]},"2":{"loc":{"start":{"line":15,"column":12},"end":{"line":15,"column":45}},"type":"binary-expr","locations":[{"start":{"line":15,"column":12},"end":{"line":15,"column":32}},{"start":{"line":15,"column":36},"end":{"line":15,"column":45}}]}},"s":{"0":2,"1":2,"2":2,"3":2,"4":2,"5":8,"6":8,"7":8,"8":2},"f":{"0":8},"b":{"0":[8,4],"1":[8,4],"2":[8,4]}}
,"/Users/janhenrikhempel/SvF/events-api/packages/data-text-mapper/src/helpers/cleanSpaces.ts": {"path":"/Users/janhenrikhempel/SvF/events-api/packages/data-text-mapper/src/helpers/cleanSpaces.ts","statementMap":{"0":{"start":{"line":1,"column":20},"end":{"line":9,"column":1}},"1":{"start":{"line":2,"column":28},"end":{"line":2,"column":32}},"2":{"start":{"line":3,"column":2},"end":{"line":3,"column":53}},"3":{"start":{"line":4,"column":2},"end":{"line":4,"column":49}},"4":{"start":{"line":5,"column":2},"end":{"line":5,"column":57}},"5":{"start":{"line":6,"column":2},"end":{"line":6,"column":53}},"6":{"start":{"line":7,"column":2},"end":{"line":7,"column":35}},"7":{"start":{"line":8,"column":2},"end":{"line":8,"column":21}},"8":{"start":{"line":11,"column":9},"end":{"line":11,"column":20}}},"fnMap":{"0":{"name":"(anonymous_0)","decl":{"start":{"line":1,"column":20},"end":{"line":1,"column":21}},"loc":{"start":{"line":1,"column":45},"end":{"line":9,"column":1}}}},"branchMap":{},"s":{"0":5,"1":43,"2":43,"3":43,"4":43,"5":43,"6":43,"7":43,"8":5},"f":{"0":43},"b":{}}
,"/Users/janhenrikhempel/SvF/events-api/packages/data-text-mapper/src/helpers/containsHtml.ts": {"path":"/Users/janhenrikhempel/SvF/events-api/packages/data-text-mapper/src/helpers/containsHtml.ts","statementMap":{"0":{"start":{"line":1,"column":21},"end":{"line":5,"column":1}},"1":{"start":{"line":2,"column":28},"end":{"line":2,"column":69}},"2":{"start":{"line":3,"column":30},"end":{"line":3,"column":51}},"3":{"start":{"line":4,"column":2},"end":{"line":4,"column":32}},"4":{"start":{"line":7,"column":9},"end":{"line":7,"column":21}}},"fnMap":{"0":{"name":"(anonymous_0)","decl":{"start":{"line":1,"column":21},"end":{"line":1,"column":22}},"loc":{"start":{"line":1,"column":47},"end":{"line":5,"column":1}}}},"branchMap":{"0":{"loc":{"start":{"line":4,"column":9},"end":{"line":4,"column":31}},"type":"cond-expr","locations":[{"start":{"line":4,"column":19},"end":{"line":4,"column":23}},{"start":{"line":4,"column":26},"end":{"line":4,"column":31}}]}},"s":{"0":3,"1":12,"2":12,"3":12,"4":3},"f":{"0":12},"b":{"0":[4,8]}}
,"/Users/janhenrikhempel/SvF/events-api/packages/data-text-mapper/src/helpers/prefixedStringsFromText.ts": {"path":"/Users/janhenrikhempel/SvF/events-api/packages/data-text-mapper/src/helpers/prefixedStringsFromText.ts","statementMap":{"0":{"start":{"line":1,"column":29},"end":{"line":5,"column":1}},"1":{"start":{"line":3,"column":4},"end":{"line":3,"column":75}},"2":{"start":{"line":4,"column":2},"end":{"line":4,"column":36}},"3":{"start":{"line":34,"column":2},"end":{"line":34,"column":22}},"4":{"start":{"line":7,"column":32},"end":{"line":20,"column":1}},"5":{"start":{"line":11,"column":17},"end":{"line":11,"column":45}},"6":{"start":{"line":12,"column":18},"end":{"line":12,"column":36}},"7":{"start":{"line":14,"column":2},"end":{"line":17,"column":6}},"8":{"start":{"line":15,"column":4},"end":{"line":17,"column":6}},"9":{"start":{"line":16,"column":6},"end":{"line":16,"column":53}},"10":{"start":{"line":19,"column":2},"end":{"line":19,"column":14}},"11":{"start":{"line":32,"column":2},"end":{"line":32,"column":25}},"12":{"start":{"line":22,"column":38},"end":{"line":29,"column":1}},"13":{"start":{"line":26,"column":17},"end":{"line":26,"column":45}},"14":{"start":{"line":27,"column":30},"end":{"line":27,"column":61}},"15":{"start":{"line":28,"column":2},"end":{"line":28,"column":21}},"16":{"start":{"line":33,"column":2},"end":{"line":33,"column":31}}},"fnMap":{"0":{"name":"(anonymous_0)","decl":{"start":{"line":1,"column":29},"end":{"line":1,"column":30}},"loc":{"start":{"line":1,"column":56},"end":{"line":5,"column":1}}},"1":{"name":"(anonymous_1)","decl":{"start":{"line":7,"column":32},"end":{"line":7,"column":null}},"loc":{"start":{"line":10,"column":21},"end":{"line":20,"column":1}}},"2":{"name":"(anonymous_2)","decl":{"start":{"line":15,"column":23},"end":{"line":15,"column":24}},"loc":{"start":{"line":16,"column":6},"end":{"line":16,"column":53}}},"3":{"name":"(anonymous_3)","decl":{"start":{"line":22,"column":38},"end":{"line":22,"column":null}},"loc":{"start":{"line":25,"column":12},"end":{"line":29,"column":1}}}},"branchMap":{"0":{"loc":{"start":{"line":14,"column":2},"end":{"line":17,"column":6}},"type":"if","locations":[{"start":{"line":14,"column":2},"end":{"line":17,"column":6}}]},"1":{"loc":{"start":{"line":14,"column":6},"end":{"line":14,"column":36}},"type":"binary-expr","locations":[{"start":{"line":14,"column":6},"end":{"line":14,"column":13}},{"start":{"line":14,"column":17},"end":{"line":14,"column":36}}]},"2":{"loc":{"start":{"line":14,"column":17},"end":{"line":14,"column":32}},"type":"cond-expr","locations":[{"start":{"line":14,"column":24},"end":{"line":14,"column":26}},{"start":{"line":14,"column":17},"end":{"line":14,"column":32}}]},"3":{"loc":{"start":{"line":14,"column":17},"end":{"line":14,"column":26}},"type":"binary-expr","locations":[{"start":{"line":14,"column":17},"end":{"line":14,"column":26}},{"start":{"line":14,"column":17},"end":{"line":14,"column":26}}]}},"s":{"0":7,"1":122,"2":122,"3":7,"4":7,"5":103,"6":103,"7":103,"8":80,"9":119,"10":23,"11":7,"12":7,"13":19,"14":19,"15":19,"16":7},"f":{"0":122,"1":103,"2":119,"3":19},"b":{"0":[80],"1":[103,80],"2":[0,80],"3":[80,80]}}
,"/Users/janhenrikhempel/SvF/events-api/packages/data-text-mapper/src/helpers/scopesFromText.ts": {"path":"/Users/janhenrikhempel/SvF/events-api/packages/data-text-mapper/src/helpers/scopesFromText.ts","statementMap":{"0":{"start":{"line":1,"column":0},"end":{"line":1,"column":null}},"1":{"start":{"line":6,"column":20},"end":{"line":6,"column":39}},"2":{"start":{"line":16,"column":47},"end":{"line":16,"column":58}},"3":{"start":{"line":8,"column":23},"end":{"line":10,"column":1}},"4":{"start":{"line":9,"column":2},"end":{"line":9,"column":44}},"5":{"start":{"line":16,"column":9},"end":{"line":16,"column":23}},"6":{"start":{"line":12,"column":29},"end":{"line":14,"column":1}},"7":{"start":{"line":13,"column":2},"end":{"line":13,"column":50}},"8":{"start":{"line":16,"column":25},"end":{"line":16,"column":45}}},"fnMap":{"0":{"name":"(anonymous_0)","decl":{"start":{"line":8,"column":23},"end":{"line":8,"column":24}},"loc":{"start":{"line":8,"column":57},"end":{"line":10,"column":1}}},"1":{"name":"(anonymous_1)","decl":{"start":{"line":12,"column":29},"end":{"line":12,"column":30}},"loc":{"start":{"line":12,"column":54},"end":{"line":14,"column":1}}}},"branchMap":{},"s":{"0":5,"1":5,"2":5,"3":5,"4":40,"5":5,"6":5,"7":9,"8":5},"f":{"0":40,"1":9},"b":{}}
,"/Users/janhenrikhempel/SvF/events-api/packages/data-text-mapper/src/helpers/tagsFromText.ts": {"path":"/Users/janhenrikhempel/SvF/events-api/packages/data-text-mapper/src/helpers/tagsFromText.ts","statementMap":{"0":{"start":{"line":1,"column":0},"end":{"line":1,"column":null}},"1":{"start":{"line":6,"column":21},"end":{"line":8,"column":1}},"2":{"start":{"line":7,"column":2},"end":{"line":7,"column":44}},"3":{"start":{"line":14,"column":9},"end":{"line":14,"column":21}},"4":{"start":{"line":10,"column":27},"end":{"line":12,"column":1}},"5":{"start":{"line":11,"column":2},"end":{"line":11,"column":50}},"6":{"start":{"line":14,"column":23},"end":{"line":14,"column":41}}},"fnMap":{"0":{"name":"(anonymous_0)","decl":{"start":{"line":6,"column":21},"end":{"line":6,"column":22}},"loc":{"start":{"line":6,"column":55},"end":{"line":8,"column":1}}},"1":{"name":"(anonymous_1)","decl":{"start":{"line":10,"column":27},"end":{"line":10,"column":28}},"loc":{"start":{"line":10,"column":52},"end":{"line":12,"column":1}}}},"branchMap":{},"s":{"0":5,"1":5,"2":40,"3":5,"4":5,"5":9,"6":5},"f":{"0":40,"1":9},"b":{}}
,"/Users/janhenrikhempel/SvF/events-api/packages/data-text-mapper/src/helpers/urlFromText.ts": {"path":"/Users/janhenrikhempel/SvF/events-api/packages/data-text-mapper/src/helpers/urlFromText.ts","statementMap":{"0":{"start":{"line":1,"column":21},"end":{"line":1,"column":46}},"1":{"start":{"line":3,"column":17},"end":{"line":3,"column":31}},"2":{"start":{"line":17,"column":41},"end":{"line":17,"column":49}},"3":{"start":{"line":5,"column":20},"end":{"line":9,"column":1}},"4":{"start":{"line":6,"column":18},"end":{"line":6,"column":38}},"5":{"start":{"line":7,"column":2},"end":{"line":7,"column":56}},"6":{"start":{"line":7,"column":38},"end":{"line":7,"column":56}},"7":{"start":{"line":8,"column":2},"end":{"line":8,"column":14}},"8":{"start":{"line":17,"column":9},"end":{"line":17,"column":20}},"9":{"start":{"line":11,"column":26},"end":{"line":15,"column":1}},"10":{"start":{"line":12,"column":17},"end":{"line":12,"column":37}},"11":{"start":{"line":13,"column":30},"end":{"line":13,"column":61}},"12":{"start":{"line":14,"column":2},"end":{"line":14,"column":21}},"13":{"start":{"line":17,"column":22},"end":{"line":17,"column":39}}},"fnMap":{"0":{"name":"(anonymous_0)","decl":{"start":{"line":5,"column":20},"end":{"line":5,"column":21}},"loc":{"start":{"line":5,"column":52},"end":{"line":9,"column":1}}},"1":{"name":"(anonymous_1)","decl":{"start":{"line":11,"column":26},"end":{"line":11,"column":27}},"loc":{"start":{"line":11,"column":51},"end":{"line":15,"column":1}}}},"branchMap":{"0":{"loc":{"start":{"line":7,"column":2},"end":{"line":7,"column":56}},"type":"if","locations":[{"start":{"line":7,"column":2},"end":{"line":7,"column":56}}]},"1":{"loc":{"start":{"line":7,"column":6},"end":{"line":7,"column":36}},"type":"binary-expr","locations":[{"start":{"line":7,"column":6},"end":{"line":7,"column":13}},{"start":{"line":7,"column":17},"end":{"line":7,"column":36}}]},"2":{"loc":{"start":{"line":7,"column":17},"end":{"line":7,"column":32}},"type":"cond-expr","locations":[{"start":{"line":7,"column":24},"end":{"line":7,"column":26}},{"start":{"line":7,"column":17},"end":{"line":7,"column":32}}]},"3":{"loc":{"start":{"line":7,"column":17},"end":{"line":7,"column":26}},"type":"binary-expr","locations":[{"start":{"line":7,"column":17},"end":{"line":7,"column":26}},{"start":{"line":7,"column":17},"end":{"line":7,"column":26}}]}},"s":{"0":5,"1":5,"2":5,"3":5,"4":27,"5":27,"6":14,"7":13,"8":5,"9":5,"10":9,"11":9,"12":9,"13":5},"f":{"0":27,"1":9},"b":{"0":[14],"1":[27,14],"2":[0,14],"3":[14,14]}}
}
