TN:
SF:src/dataToHtml.ts
FN:5,(anonymous_0)
FN:17,(anonymous_1)
FN:22,(anonymous_2)
FN:28,(anonymous_3)
FN:33,(anonymous_4)
FNF:5
FNH:5
FNDA:9,(anonymous_0)
FNDA:14,(anonymous_1)
FNDA:14,(anonymous_2)
FNDA:14,(anonymous_3)
FNDA:27,(anonymous_4)
DA:1,2
DA:2,2
DA:5,2
DA:6,9
DA:7,9
DA:8,7
DA:11,9
DA:16,9
DA:17,14
DA:21,9
DA:22,14
DA:26,9
DA:28,14
DA:32,9
DA:33,27
DA:37,2
LF:16
LH:16
BRDA:7,0,0,7
BRDA:11,1,0,4
BRDA:11,1,1,5
BRDA:16,2,0,9
BRDA:16,2,1,3
BRDA:16,3,0,3
BRDA:16,3,1,6
BRDA:16,4,0,9
BRDA:16,4,1,9
BRDA:21,5,0,9
BRDA:21,5,1,3
BRDA:21,6,0,3
BRDA:21,6,1,6
BRDA:21,7,0,9
BRDA:21,7,1,9
BRDA:26,8,0,7
BRDA:26,8,1,2
BRDA:26,9,0,9
BRDA:26,9,1,3
BRF:19
BRH:19
end_of_record
TN:
SF:src/dataToText.ts
FN:4,(anonymous_0)
FN:10,(anonymous_1)
FN:13,(anonymous_2)
FN:18,(anonymous_3)
FNF:4
FNH:4
FNDA:7,(anonymous_0)
FNDA:13,(anonymous_1)
FNDA:13,(anonymous_2)
FNDA:21,(anonymous_3)
DA:1,2
DA:4,2
DA:5,7
DA:7,7
DA:10,13
DA:13,13
DA:16,7
DA:18,21
DA:21,2
LF:9
LH:9
BRDA:7,0,0,7
BRDA:7,0,1,3
BRDA:10,1,0,7
BRDA:10,1,1,2
BRDA:10,2,0,2
BRDA:10,2,1,5
BRDA:10,3,0,7
BRDA:10,3,1,7
BRDA:13,4,0,7
BRDA:13,4,1,2
BRDA:13,5,0,2
BRDA:13,5,1,5
BRDA:13,6,0,7
BRDA:13,6,1,7
BRDA:16,7,0,6
BRDA:16,7,1,1
BRDA:16,8,0,7
BRDA:16,8,1,2
BRF:18
BRH:18
end_of_record
TN:
SF:src/htmlToData.ts
FN:7,(anonymous_0)
FNF:1
FNH:1
FNDA:11,(anonymous_0)
DA:1,2
DA:2,2
DA:3,2
DA:4,2
DA:7,2
DA:8,11
DA:11,11
DA:17,11
DA:23,11
DA:24,6
DA:29,11
DA:31,11
DA:38,11
DA:41,2
LF:14
LH:14
BRDA:23,0,0,6
BRDA:33,1,0,11
BRDA:33,1,1,8
BRDA:34,2,0,11
BRDA:34,2,1,6
BRDA:35,3,0,11
BRDA:35,3,1,6
BRF:7
BRH:7
end_of_record
TN:
SF:src/textToData.ts
FN:7,(anonymous_0)
FNF:1
FNH:1
FNDA:8,(anonymous_0)
DA:1,2
DA:2,2
DA:3,2
DA:4,2
DA:7,2
DA:8,8
DA:11,8
DA:18,8
DA:21,2
LF:9
LH:9
BRDA:13,0,0,8
BRDA:13,0,1,4
BRDA:14,1,0,8
BRDA:14,1,1,4
BRDA:15,2,0,8
BRDA:15,2,1,4
BRF:6
BRH:6
end_of_record
TN:
SF:src/helpers/cleanSpaces.ts
FN:1,(anonymous_0)
FNF:1
FNH:1
FNDA:43,(anonymous_0)
DA:1,5
DA:2,43
DA:3,43
DA:4,43
DA:5,43
DA:6,43
DA:7,43
DA:8,43
DA:11,5
LF:9
LH:9
BRF:0
BRH:0
end_of_record
TN:
SF:src/helpers/containsHtml.ts
FN:1,(anonymous_0)
FNF:1
FNH:1
FNDA:12,(anonymous_0)
DA:1,3
DA:2,12
DA:3,12
DA:4,12
DA:7,3
LF:5
LH:5
BRDA:4,0,0,4
BRDA:4,0,1,8
BRF:2
BRH:2
end_of_record
TN:
SF:src/helpers/prefixedStringsFromText.ts
FN:1,(anonymous_0)
FN:7,(anonymous_1)
FN:15,(anonymous_2)
FN:22,(anonymous_3)
FNF:4
FNH:4
FNDA:122,(anonymous_0)
FNDA:103,(anonymous_1)
FNDA:119,(anonymous_2)
FNDA:19,(anonymous_3)
DA:1,7
DA:3,122
DA:4,122
DA:7,7
DA:11,103
DA:12,103
DA:14,103
DA:15,80
DA:16,119
DA:19,23
DA:22,7
DA:26,19
DA:27,19
DA:28,19
DA:32,7
DA:33,7
DA:34,7
LF:17
LH:17
BRDA:14,0,0,80
BRDA:14,1,0,103
BRDA:14,1,1,80
BRDA:14,2,0,0
BRDA:14,2,1,80
BRDA:14,3,0,80
BRDA:14,3,1,80
BRF:7
BRH:6
end_of_record
TN:
SF:src/helpers/scopesFromText.ts
FN:8,(anonymous_0)
FN:12,(anonymous_1)
FNF:2
FNH:2
FNDA:40,(anonymous_0)
FNDA:9,(anonymous_1)
DA:1,5
DA:6,5
DA:8,5
DA:9,40
DA:12,5
DA:13,9
DA:16,5
LF:7
LH:7
BRF:0
BRH:0
end_of_record
TN:
SF:src/helpers/tagsFromText.ts
FN:6,(anonymous_0)
FN:10,(anonymous_1)
FNF:2
FNH:2
FNDA:40,(anonymous_0)
FNDA:9,(anonymous_1)
DA:1,5
DA:6,5
DA:7,40
DA:10,5
DA:11,9
DA:14,5
LF:6
LH:6
BRF:0
BRH:0
end_of_record
TN:
SF:src/helpers/urlFromText.ts
FN:5,(anonymous_0)
FN:11,(anonymous_1)
FNF:2
FNH:2
FNDA:27,(anonymous_0)
FNDA:9,(anonymous_1)
DA:1,5
DA:3,5
DA:5,5
DA:6,27
DA:7,27
DA:8,13
DA:11,5
DA:12,9
DA:13,9
DA:14,9
DA:17,5
LF:11
LH:11
BRDA:7,0,0,14
BRDA:7,1,0,27
BRDA:7,1,1,14
BRDA:7,2,0,0
BRDA:7,2,1,14
BRDA:7,3,0,14
BRDA:7,3,1,14
BRF:7
BRH:6
end_of_record
